2013-02-25 03:02:55 Error: [MissingControllerException] Controller class AuthController could not be found.
Exception Attributes: array (
  'class' => 'AuthController',
  'plugin' => NULL,
)
Request URL: /GSP/internal/directory/production/
Stack Trace:
#0 /opt/lampp/htdocs/GSP/internal/directory/production/app/webroot/index.php(97): Dispatcher->dispatch(Object(CakeRequest), Object(CakeResponse))
#1 /opt/lampp/htdocs/GSP/internal/directory/production/index.php(42): require('/opt/lampp/htdo...')
#2 {main}
2013-02-25 06:27:03 Error: [MissingActionException] Action AppController::Model() could not be found.
Exception Attributes: array (
  'controller' => 'AppController',
  'action' => 'Model',
)
Request URL: /GSP/internal/directory/production/app/Model/InitiationModel.php?XDEBUG_SESSION_START=netbeans-xdebug
Stack Trace:
#0 /opt/lampp/htdocs/GSP/internal/directory/production/lib/Cake/Routing/Dispatcher.php(186): Controller->invokeAction(Object(CakeRequest))
#1 /opt/lampp/htdocs/GSP/internal/directory/production/lib/Cake/Routing/Dispatcher.php(161): Dispatcher->_invoke(Object(AppController), Object(CakeRequest), Object(CakeResponse))
#2 /opt/lampp/htdocs/GSP/internal/directory/production/app/webroot/index.php(97): Dispatcher->dispatch(Object(CakeRequest), Object(CakeResponse))
#3 {main}
2013-02-25 08:16:12 Error: [MissingTableException] Table bouncers for model Bouncer was not found in datasource mgspsf.
Exception Attributes: array (
  'table' => 'bouncers',
  'class' => 'Bouncer',
  'ds' => 'mgspsf',
)
Request URL: /GSP/internal/directory/production/
Stack Trace:
#0 /opt/lampp/htdocs/GSP/internal/directory/production/lib/Cake/Model/Model.php(3217): Model->setSource('bouncers')
#1 /opt/lampp/htdocs/GSP/internal/directory/production/lib/Cake/Model/Model.php(1318): Model->getDataSource()
#2 /opt/lampp/htdocs/GSP/internal/directory/production/lib/Cake/View/Helper/FormHelper.php(197): Model->schema()
#3 /opt/lampp/htdocs/GSP/internal/directory/production/lib/Cake/View/Helper/FormHelper.php(446): FormHelper->_introspectModel('Bouncer', 'fields')
#4 /opt/lampp/htdocs/GSP/internal/directory/production/app/View/Bouncer/challenge.ctp(60): FormHelper->create(NULL, Array)
#5 /opt/lampp/htdocs/GSP/internal/directory/production/lib/Cake/View/View.php(947): include('/opt/lampp/htdo...')
#6 /opt/lampp/htdocs/GSP/internal/directory/production/lib/Cake/View/View.php(909): View->_evaluate('/opt/lampp/htdo...', Array)
#7 /opt/lampp/htdocs/GSP/internal/directory/production/lib/Cake/View/View.php(470): View->_render('/opt/lampp/htdo...')
#8 /opt/lampp/htdocs/GSP/internal/directory/production/lib/Cake/Controller/Controller.php(947): View->render(NULL, NULL)
#9 /opt/lampp/htdocs/GSP/internal/directory/production/lib/Cake/Routing/Dispatcher.php(193): Controller->render()
#10 /opt/lampp/htdocs/GSP/internal/directory/production/lib/Cake/Routing/Dispatcher.php(161): Dispatcher->_invoke(Object(BouncerController), Object(CakeRequest), Object(CakeResponse))
#11 /opt/lampp/htdocs/GSP/internal/directory/production/app/webroot/index.php(97): Dispatcher->dispatch(Object(CakeRequest), Object(CakeResponse))
#12 /opt/lampp/htdocs/GSP/internal/directory/production/index.php(42): require('/opt/lampp/htdo...')
#13 {main}
2013-02-25 08:48:58 Error: [MissingControllerException] Controller class PagesController could not be found.
Exception Attributes: array (
  'class' => 'PagesController',
  'plugin' => NULL,
)
Request URL: /GSP/internal/directory/production/
Stack Trace:
#0 /opt/lampp/htdocs/GSP/internal/directory/production/app/webroot/index.php(97): Dispatcher->dispatch(Object(CakeRequest), Object(CakeResponse))
#1 /opt/lampp/htdocs/GSP/internal/directory/production/index.php(42): require('/opt/lampp/htdo...')
#2 {main}
